{"level":40,"time":"2025-05-04T20:25:45.876Z","pid":58540,"hostname":"hp-laptop-YB","msg":"Ошибка в строке 2: Invalid input \"2,6,2,2,2,2,0,0,0,0,0,4,4,0,4,4,0,0\": недопустимое значение:: \"pyramid 2 6 2  2 2 2  0 0 0  0 0 4  4 0 4  4 0 0\r\""}
{"level":40,"time":"2025-05-04T20:25:45.878Z","pid":58540,"hostname":"hp-laptop-YB","msg":"Ошибка в строке 3: Invalid input \"0,0,0,0,2,0,3,2,0,d,0,0\": недопустимое значение «d»: \"rectangle 0 0 0  0 2 0  3 2 0  d 0 0\r\""}
{"level":50,"time":"2025-05-04T20:25:45.878Z","pid":58540,"hostname":"hp-laptop-YB","msg":"Непредвиденная ошибка в строке 4: \"pyramid 2 6   2 2 2  0 0 0  0 0 4  4 0 4  4 0 0\""}
{"level":40,"time":"2025-05-04T20:28:37.489Z","pid":67788,"hostname":"hp-laptop-YB","msg":"Ошибка в строке 2: Invalid input \"2,6,2,2,2,2,0,0,0,0,0,4,4,0,4,4,0,0\": недопустимое значение:: \"pyramid 2 6 2  2 2 2  0 0 0  0 0 4  4 0 4  4 0 0\r\""}
{"level":40,"time":"2025-05-04T20:28:37.491Z","pid":67788,"hostname":"hp-laptop-YB","msg":"Ошибка в строке 3: Invalid input \"0,0,0,0,2,0,3,2,0,d,0,0\": недопустимое значение «d»: \"rectangle 0 0 0  0 2 0  3 2 0  d 0 0\r\""}
{"level":50,"time":"2025-05-04T20:28:37.491Z","pid":67788,"hostname":"hp-laptop-YB","msg":"Непредвиденная ошибка в строке 4: \"pyramid 2 6   2 2 2  0 0 0  0 0 4  4 0 4  4 0 0\""}
{"level":40,"time":"2025-05-04T20:29:28.292Z","pid":65680,"hostname":"hp-laptop-YB","msg":"Ошибка в строке 2: Invalid input \"2,6,2,2,2,2,0,0,0,0,0,4,4,0,4,4,0,0\": недопустимое значение:: \"pyramid 2 6 2  2 2 2  0 0 0  0 0 4  4 0 4  4 0 0\r\""}
{"level":40,"time":"2025-05-04T20:29:28.294Z","pid":65680,"hostname":"hp-laptop-YB","msg":"Ошибка в строке 3: Invalid input \"0,0,0,0,2,0,3,2,0,d,0,0\": недопустимое значение «d»: \"rectangle 0 0 0  0 2 0  3 2 0  d 0 0\r\""}
{"level":50,"time":"2025-05-04T20:29:28.294Z","pid":65680,"hostname":"hp-laptop-YB","msg":"Непредвиденная ошибка в строке 4: \"pyramid 2 6  2 2 2  0 0 0  0 0 4  4 0 4  4 0 0\""}
{"level":40,"time":"2025-05-04T20:34:54.273Z","pid":54104,"hostname":"hp-laptop-YB","msg":"Ошибка в строке 2: Invalid input \"2,6,2,2,2,2,0,0,0,0,0,4,4,0,4,4,0,0\": недопустимое значение: «2,6,2,2,2,2,0,0,0,0,0,4,4,0,4,4,0,0»: \"pyramid 2 6 2  2 2 2  0 0 0  0 0 4  4 0 4  4 0 0\r\""}
{"level":40,"time":"2025-05-04T20:34:54.275Z","pid":54104,"hostname":"hp-laptop-YB","msg":"Ошибка в строке 3: Invalid input \"0,0,0,0,2,0,3,2,0,d,0,0\": недопустимое значение «d»: \"rectangle 0 0 0  0 2 0  3 2 0  d 0 0\r\""}
{"level":50,"time":"2025-05-04T20:34:54.275Z","pid":54104,"hostname":"hp-laptop-YB","msg":"Непредвиденная ошибка в строке 4: \"pyramid 2 6  2 2 2  0 0 0  0 0 4  4 0 4  4 0 0\""}
{"level":40,"time":"2025-05-04T20:37:11.503Z","pid":41820,"hostname":"hp-laptop-YB","msg":"Ошибка в строке 2: Invalid input \"6\": Not enough corners.: \"pyramid 2 6 2  2 2 2  0 0 0  0 0 4  4 0 4  4 0 0\r\""}
{"level":40,"time":"2025-05-04T20:37:11.505Z","pid":41820,"hostname":"hp-laptop-YB","msg":"Ошибка в строке 3: Invalid input \"0,0,0,0,2,0,3,2,0,d,0,0\": недопустимое значение «d»: \"rectangle 0 0 0  0 2 0  3 2 0  d 0 0\r\""}
{"level":50,"time":"2025-05-04T20:37:11.505Z","pid":41820,"hostname":"hp-laptop-YB","msg":"Непредвиденная ошибка в строке 4: \"pyramid 2 6  2 2 2  0 0 0  0 0 4  4 0 4  4 0 0\""}
{"level":40,"time":"2025-05-04T20:37:40.607Z","pid":51776,"hostname":"hp-laptop-YB","msg":"Ошибка в строке 2: Invalid input \"6\": Not enough corners.: \"pyramid 2 7 2  2 2 2  0 0 0  0 0 4  4 0 4  4 0 0\r\""}
{"level":40,"time":"2025-05-04T20:37:40.608Z","pid":51776,"hostname":"hp-laptop-YB","msg":"Ошибка в строке 3: Invalid input \"0,0,0,0,2,0,3,2,0,d,0,0\": недопустимое значение «d»: \"rectangle 0 0 0  0 2 0  3 2 0  d 0 0\r\""}
{"level":50,"time":"2025-05-04T20:37:40.608Z","pid":51776,"hostname":"hp-laptop-YB","msg":"Непредвиденная ошибка в строке 4: \"pyramid 2 6   2 2 2  0 0 0  0 0 4  4 0 4  4 0 0\""}
{"level":50,"time":"2025-05-04T20:38:55.827Z","pid":46400,"hostname":"hp-laptop-YB","msg":"Непредвиденная ошибка в строке 2: \"pyramid 2 7 2  2 2 2  0 0 0  0 0 4  4 0 4  4 0 0\r\""}
{"level":40,"time":"2025-05-04T20:38:55.828Z","pid":46400,"hostname":"hp-laptop-YB","msg":"Ошибка в строке 3: Invalid input \"0,0,0,0,2,0,3,2,0,d,0,0\": недопустимое значение «d»: \"rectangle 0 0 0  0 2 0  3 2 0  d 0 0\r\""}
{"level":50,"time":"2025-05-04T20:38:55.829Z","pid":46400,"hostname":"hp-laptop-YB","msg":"Непредвиденная ошибка в строке 4: \"pyramid 2 6   2 2 2  0 0 0  0 0 4  4 0 4  4 0 0\""}
{"level":50,"time":"2025-05-04T20:40:18.961Z","pid":76240,"hostname":"hp-laptop-YB","msg":"Непредвиденная ошибка в строке 2: \"pyramid   2 7 2  2 2 2  0 0 0  0 0 4  4 0 4  4 0 0\r\""}
{"level":40,"time":"2025-05-04T20:40:18.962Z","pid":76240,"hostname":"hp-laptop-YB","msg":"Ошибка в строке 3: Invalid input \"0,0,0,0,2,0,3,2,0,d,0,0\": недопустимое значение «d»: \"rectangle 0 0 0  0 2 0  3 2 0  d 0 0\r\""}
{"level":50,"time":"2025-05-04T20:40:18.963Z","pid":76240,"hostname":"hp-laptop-YB","msg":"Непредвиденная ошибка в строке 4: \"pyramid 2 6   2 2 2  0 0 0  0 0 4  4 0 4  4 0 0\""}
{"level":50,"time":"2025-05-04T20:42:06.677Z","pid":63204,"hostname":"hp-laptop-YB","msg":"Непредвиденная ошибка в строке 2: \"pyramid   2 7 2  2 2 2  0 0 0  0 0 4  4 0 4  4 0 0\r\""}
{"level":40,"time":"2025-05-04T20:42:06.678Z","pid":63204,"hostname":"hp-laptop-YB","msg":"Ошибка в строке 3: Invalid input \"0,0,0,0,2,0,3,2,0,d,0,0\": недопустимое значение «d»: \"rectangle 0 0 0  0 2 0  3 2 0  d 0 0\r\""}
{"level":50,"time":"2025-05-04T20:42:06.679Z","pid":63204,"hostname":"hp-laptop-YB","msg":"Непредвиденная ошибка в строке 4: \"pyramid 2 6   2 2 2  0 0 0  0 0 4  4 0 4  4 0 0\""}
{"level":50,"time":"2025-05-04T20:42:13.861Z","pid":62956,"hostname":"hp-laptop-YB","msg":"Непредвиденная ошибка в строке 2: \"pyramid   2 7 2  2 2 2  0 0 0  0 0 4  4 0 4  4 0 0\""}
{"level":40,"time":"2025-05-04T20:42:13.862Z","pid":62956,"hostname":"hp-laptop-YB","msg":"Ошибка в строке 3: Invalid input \"0,0,0,0,2,0,3,2,0,d,0,0\": недопустимое значение «d»: \"rectangle 0 0 0  0 2 0  3 2 0  d 0 0\""}
{"level":50,"time":"2025-05-04T20:42:13.863Z","pid":62956,"hostname":"hp-laptop-YB","msg":"Непредвиденная ошибка в строке 4: \"pyramid 2 6   2 2 2  0 0 0  0 0 4  4 0 4  4 0 0\""}
{"level":40,"time":"2025-05-04T20:49:43.097Z","pid":66284,"hostname":"hp-laptop-YB","msg":"Ошибка в строке 2: Invalid input \"2,f,2,2,2,2,0,0,0,0,0,4,4,0,4,4,0,0\": недопустимое значение: «f»: \"pyramid   2 f 2  2 2 2  0 0 0  0 0 4  4 0 4  4 0 0\""}
{"level":40,"time":"2025-05-04T20:49:43.098Z","pid":66284,"hostname":"hp-laptop-YB","msg":"Ошибка в строке 3: Invalid input \"0,0,0,0,2,0,3,2,0,d,0,0\": недопустимое значение «d»: \"rectangle 0 0 0  0 2 0  3 2 0  d 0 0\""}
{"level":50,"time":"2025-05-04T20:49:43.099Z","pid":66284,"hostname":"hp-laptop-YB","msg":"Непредвиденная ошибка в строке 4: \"pyramid 2 6   2 2 2  0 0 0  0 0 4  4 0 4  4 0 0\""}
{"level":50,"time":"2025-05-04T20:50:03.251Z","pid":11292,"hostname":"hp-laptop-YB","msg":"Непредвиденная ошибка в строке 2: \"pyramid   2 6 2  2 2 2  0 0 0  0 0 4  4 0 4  4 0 0\""}
{"level":40,"time":"2025-05-04T20:50:03.252Z","pid":11292,"hostname":"hp-laptop-YB","msg":"Ошибка в строке 3: Invalid input \"0,0,0,0,2,0,3,2,0,d,0,0\": недопустимое значение «d»: \"rectangle 0 0 0  0 2 0  3 2 0  d 0 0\""}
{"level":50,"time":"2025-05-04T20:50:03.253Z","pid":11292,"hostname":"hp-laptop-YB","msg":"Непредвиденная ошибка в строке 4: \"pyramid 2 6   2 2 2  0 0 0  0 0 4  4 0 4  4 0 0\""}
{"level":50,"time":"2025-05-04T20:55:57.141Z","pid":47652,"hostname":"hp-laptop-YB","msg":"Непредвиденная ошибка в строке 2: \"pyramid   2 6 2  2 2 2  0 0 0  0 0 4  4 0 4  4 0 0\""}
{"level":40,"time":"2025-05-04T20:55:57.142Z","pid":47652,"hostname":"hp-laptop-YB","msg":"Ошибка в строке 3: Invalid input \"0,0,0,0,2,0,3,2,0,d,0,0\": недопустимое значение «d»: \"rectangle 0 0 0  0 2 0  3 2 0  d 0 0\""}
{"level":50,"time":"2025-05-04T20:55:57.143Z","pid":47652,"hostname":"hp-laptop-YB","msg":"Непредвиденная ошибка в строке 4: \"pyramid 2 6   2 2 2  0 0 0  0 0 4  4 0 4  4 0 0\""}
{"level":50,"time":"2025-05-04T20:57:09.806Z","pid":69028,"hostname":"hp-laptop-YB","msg":"Непредвиденная ошибка в строке 2: \"pyramid   2 6 2  2 2 2  0 0 0  0 0 4  4 0 4  4 0 0\""}
{"level":40,"time":"2025-05-04T20:57:09.807Z","pid":69028,"hostname":"hp-laptop-YB","msg":"Ошибка в строке 3: Invalid input \"0,0,0,0,2,0,3,2,0,d,0,0\": недопустимое значение «d»: \"rectangle 0 0 0  0 2 0  3 2 0  d 0 0\""}
{"level":50,"time":"2025-05-04T20:57:09.807Z","pid":69028,"hostname":"hp-laptop-YB","msg":"Непредвиденная ошибка в строке 4: \"pyramid 2 6   2 2 2  0 0 0  0 0 4  4 0 4  4 0 0\""}
{"level":50,"time":"2025-05-04T20:57:20.116Z","pid":51144,"hostname":"hp-laptop-YB","msg":"Непредвиденная ошибка в строке 2: \"pyramid   2 6 2  2 2 2  0 0 0  0 0 4  4 0 4  4 0 0\""}
{"level":40,"time":"2025-05-04T20:57:20.117Z","pid":51144,"hostname":"hp-laptop-YB","msg":"Ошибка в строке 3: Invalid input \"0,0,0,0,2,0,3,2,0,d,0,0\": недопустимое значение «d»: \"rectangle 0 0 0  0 2 0  3 2 0  d 0 0\""}
{"level":50,"time":"2025-05-04T20:57:20.118Z","pid":51144,"hostname":"hp-laptop-YB","msg":"Непредвиденная ошибка в строке 4: \"pyramid 2 6   2 2 2  0 0 0  0 0 4  4 0 4  4 0 0\""}
{"level":50,"time":"2025-05-04T21:00:24.593Z","pid":63060,"hostname":"hp-laptop-YB","msg":"Непредвиденная ошибка в строке 2: \"pyramid   2 6 2  2 2 2  0 0 0  0 0 4  4 0 4  4 0 0\""}
{"level":40,"time":"2025-05-04T21:00:24.594Z","pid":63060,"hostname":"hp-laptop-YB","msg":"Ошибка в строке 3: Invalid input \"0,0,0,0,2,0,3,2,0,d,0,0\": недопустимое значение «d»: \"rectangle 0 0 0  0 2 0  3 2 0  d 0 0\""}
{"level":40,"time":"2025-05-04T21:00:24.595Z","pid":63060,"hostname":"hp-laptop-YB","msg":"Ошибка в строке 4: Invalid input \"pyramid 2 6   2 2 2  0 0 0  0 0 4  4 0 4  4 0 0\": Invalid point data length 17: \"pyramid 2 6   2 2 2  0 0 0  0 0 4  4 0 4  4 0 0\""}
{"level":40,"time":"2025-05-04T21:02:25.057Z","pid":87428,"hostname":"hp-laptop-YB","msg":"Ошибка в строке 2: Invalid input \"pyramid   2 6 2  2 2 2  0 0 0  0 2 0  3 2 0  3 0 0\": Центр невалидный: \"pyramid   2 6 2  2 2 2  0 0 0  0 2 0  3 2 0  3 0 0\""}
{"level":40,"time":"2025-05-04T21:02:25.058Z","pid":87428,"hostname":"hp-laptop-YB","msg":"Ошибка в строке 3: Invalid input \"0,0,0,0,2,0,3,2,0,d,0,0\": недопустимое значение «d»: \"rectangle 0 0 0  0 2 0  3 2 0  d 0 0\""}
{"level":40,"time":"2025-05-04T21:02:25.058Z","pid":87428,"hostname":"hp-laptop-YB","msg":"Ошибка в строке 4: Invalid input \"pyramid 2 6   2 2 2  0 0 0  0 0 4  4 0 4  4 0 0\": Invalid point data length 17: \"pyramid 2 6   2 2 2  0 0 0  0 0 4  4 0 4  4 0 0\""}
{"level":50,"time":"2025-05-04T21:03:53.671Z","pid":64284,"hostname":"hp-laptop-YB","msg":"Непредвиденная ошибка в строке 2: \"pyramid   2 6 1  2 0 1  0 0 0  0 2 0  4 2 0  4 0 0\""}
{"level":40,"time":"2025-05-04T21:03:53.673Z","pid":64284,"hostname":"hp-laptop-YB","msg":"Ошибка в строке 3: Invalid input \"0,0,0,0,2,0,3,2,0,d,0,0\": недопустимое значение «d»: \"rectangle 0 0 0  0 2 0  3 2 0  d 0 0\""}
{"level":40,"time":"2025-05-04T21:03:53.673Z","pid":64284,"hostname":"hp-laptop-YB","msg":"Ошибка в строке 4: Invalid input \"pyramid 2 6   2 0 2  0 0 0  0 0 4  4 0 4  4 0 0\": Invalid point data length 17: \"pyramid 2 6   2 0 2  0 0 0  0 0 4  4 0 4  4 0 0\""}
{"level":50,"time":"2025-05-04T21:05:00.707Z","pid":80096,"hostname":"hp-laptop-YB","msg":"Непредвиденная ошибка в строке 2: \"pyramid 2 6 1  2 0 1  0 0 0  0 2 0  4 2 0  4 0 0\""}
{"level":40,"time":"2025-05-04T21:05:00.709Z","pid":80096,"hostname":"hp-laptop-YB","msg":"Ошибка в строке 3: Invalid input \"0,0,0,0,2,0,3,2,0,d,0,0\": недопустимое значение «d»: \"rectangle 0 0 0  0 2 0  3 2 0  d 0 0\""}
{"level":40,"time":"2025-05-04T21:05:00.709Z","pid":80096,"hostname":"hp-laptop-YB","msg":"Ошибка в строке 4: Invalid input \"pyramid 2 6   2 0 2  0 0 0  0 0 4  4 0 4  4 0 0\": Invalid point data length 17: \"pyramid 2 6   2 0 2  0 0 0  0 0 4  4 0 4  4 0 0\""}
{"level":50,"time":"2025-05-04T21:05:07.540Z","pid":67064,"hostname":"hp-laptop-YB","msg":"Непредвиденная ошибка в строке 2: \"pyramid 2 6 1  2 0 1  0 0 0  0 2 0  4 2 0  4 0 0\""}
{"level":40,"time":"2025-05-04T21:05:07.542Z","pid":67064,"hostname":"hp-laptop-YB","msg":"Ошибка в строке 3: Invalid input \"0,0,0,0,2,0,3,2,0,d,0,0\": недопустимое значение «d»: \"rectangle 0 0 0  0 2 0  3 2 0  d 0 0\""}
{"level":40,"time":"2025-05-04T21:05:07.542Z","pid":67064,"hostname":"hp-laptop-YB","msg":"Ошибка в строке 4: Invalid input \"pyramid 2 6   2 0 2  0 0 0  0 0 4  4 0 4  4 0 0\": Invalid point data length 17: \"pyramid 2 6   2 0 2  0 0 0  0 0 4  4 0 4  4 0 0\""}
{"level":50,"time":"2025-05-04T21:05:31.813Z","pid":78596,"hostname":"hp-laptop-YB","msg":"Непредвиденная ошибка в строке 2: \"pyramid 2 6 1  2 0 1  0 0 0  0 2 0  4 2 0  4 0 0\""}
{"level":40,"time":"2025-05-04T21:05:31.815Z","pid":78596,"hostname":"hp-laptop-YB","msg":"Ошибка в строке 3: Invalid input \"0,0,0,0,2,0,3,2,0,d,0,0\": недопустимое значение «d»: \"rectangle 0 0 0  0 2 0  3 2 0  d 0 0\""}
{"level":40,"time":"2025-05-04T21:05:31.815Z","pid":78596,"hostname":"hp-laptop-YB","msg":"Ошибка в строке 4: Invalid input \"pyramid 2 6   2 0 2  0 0 0  0 0 4  4 0 4  4 0 0\": Invalid point data length 17: \"pyramid 2 6   2 0 2  0 0 0  0 0 4  4 0 4  4 0 0\""}
{"level":50,"time":"2025-05-04T21:07:23.682Z","pid":33168,"hostname":"hp-laptop-YB","msg":"Непредвиденная ошибка в строке 2: \"pyramid 2 6 1  2 0 1  0 0 0  0 2 0  4 2 0  4 0 0\""}
{"level":40,"time":"2025-05-04T21:07:23.683Z","pid":33168,"hostname":"hp-laptop-YB","msg":"Ошибка в строке 3: Invalid input \"0,0,0,0,2,0,3,2,0,d,0,0\": недопустимое значение «d»: \"rectangle 0 0 0  0 2 0  3 2 0  d 0 0\""}
{"level":40,"time":"2025-05-04T21:07:23.684Z","pid":33168,"hostname":"hp-laptop-YB","msg":"Ошибка в строке 4: Invalid input \"pyramid 2 6   2 0 2  0 0 0  0 0 4  4 0 4  4 0 0\": Invalid point data length 17: \"pyramid 2 6   2 0 2  0 0 0  0 0 4  4 0 4  4 0 0\""}
{"level":50,"time":"2025-05-04T21:08:42.208Z","pid":52220,"hostname":"hp-laptop-YB","msg":"Непредвиденная ошибка в строке 2: \"pyramid 2 6 1  2 0 1  0 0 0  0 2 0  4 2 0  4 0 0\""}
{"level":40,"time":"2025-05-04T21:08:42.209Z","pid":52220,"hostname":"hp-laptop-YB","msg":"Ошибка в строке 3: Invalid input \"0,0,0,0,2,0,3,2,0,d,0,0\": недопустимое значение «d»: \"rectangle 0 0 0  0 2 0  3 2 0  d 0 0\""}
{"level":40,"time":"2025-05-04T21:08:42.209Z","pid":52220,"hostname":"hp-laptop-YB","msg":"Ошибка в строке 4: Invalid input \"pyramid 2 6   2 0 2  0 0 0  0 0 4  4 0 4  4 0 0\": Invalid point data length 17: \"pyramid 2 6   2 0 2  0 0 0  0 0 4  4 0 4  4 0 0\""}
{"level":40,"time":"2025-05-04T21:09:52.828Z","pid":68348,"hostname":"hp-laptop-YB","msg":"Ошибка в строке 2: Invalid input \"5\": Not enough corners.: \"pyramid 2 6 1  2 0 1  0 0 0  0 2 0  4 2 0\""}
{"level":40,"time":"2025-05-04T21:09:52.829Z","pid":68348,"hostname":"hp-laptop-YB","msg":"Ошибка в строке 3: Invalid input \"0,0,0,0,2,0,3,2,0,d,0,0\": недопустимое значение «d»: \"rectangle 0 0 0  0 2 0  3 2 0  d 0 0\""}
{"level":40,"time":"2025-05-04T21:09:52.830Z","pid":68348,"hostname":"hp-laptop-YB","msg":"Ошибка в строке 4: Invalid input \"pyramid 2 6   2 0 2  0 0 0  0 0 4  4 0 4  4 0 0\": Invalid point data length 17: \"pyramid 2 6   2 0 2  0 0 0  0 0 4  4 0 4  4 0 0\""}
